<?xml version="1.0" encoding="UTF-8" ?>
<testsuite failures="0" time="1.9" errors="0" skipped="0" tests="12" name="com.g7.fantasma.personalidades.TestBuscadorTemperamentalCazador">
  <properties>
    <property name="java.runtime.name" value="OpenJDK Runtime Environment"/>
    <property name="sun.boot.library.path" value="/usr/lib/jvm/java-7-openjdk-i386/jre/lib/i386"/>
    <property name="java.vm.version" value="24.65-b04"/>
    <property name="java.vm.vendor" value="Oracle Corporation"/>
    <property name="java.vendor.url" value="http://java.oracle.com/"/>
    <property name="path.separator" value=":"/>
    <property name="guice.disable.misplaced.annotation.check" value="true"/>
    <property name="java.vm.name" value="OpenJDK Server VM"/>
    <property name="file.encoding.pkg" value="sun.io"/>
    <property name="user.country" value="AR"/>
    <property name="sun.java.launcher" value="SUN_STANDARD"/>
    <property name="sun.os.patch.level" value="unknown"/>
    <property name="java.vm.specification.name" value="Java Virtual Machine Specification"/>
    <property name="user.dir" value="/home/mateo/workspace/tp/tp/tp1"/>
    <property name="java.runtime.version" value="1.7.0_65-b32"/>
    <property name="java.awt.graphicsenv" value="sun.awt.X11GraphicsEnvironment"/>
    <property name="java.endorsed.dirs" value="/usr/lib/jvm/java-7-openjdk-i386/jre/lib/endorsed"/>
    <property name="os.arch" value="i386"/>
    <property name="java.io.tmpdir" value="/tmp"/>
    <property name="line.separator" value="
"/>
    <property name="java.vm.specification.vendor" value="Oracle Corporation"/>
    <property name="os.name" value="Linux"/>
    <property name="classworlds.conf" value="/home/mateo/workspace/.metadata/.plugins/org.eclipse.m2e.launching/launches/m2conf3986474014393880037.tmp"/>
    <property name="sun.jnu.encoding" value="UTF-8"/>
    <property name="java.library.path" value="/usr/lib/jvm/java-7-openjdk-i386/jre/lib/i386/server:/usr/lib/jvm/java-7-openjdk-i386/jre/lib/i386:/usr/lib/jvm/java-7-openjdk-i386/jre/../lib/i386:/usr/lib/jvm/java-8-oracle/jre/lib/i386/client:/usr/lib/jvm/java-8-oracle/jre/lib/i386::/usr/java/packages/lib/i386:/usr/lib/i386-linux-gnu/jni:/lib/i386-linux-gnu:/usr/lib/i386-linux-gnu:/usr/lib/jni:/lib:/usr/lib"/>
    <property name="java.specification.name" value="Java Platform API Specification"/>
    <property name="java.class.version" value="51.0"/>
    <property name="sun.management.compiler" value="HotSpot Tiered Compilers"/>
    <property name="os.version" value="3.13.0-39-generic"/>
    <property name="user.home" value="/home/mateo"/>
    <property name="user.timezone" value="America/Argentina/Buenos_Aires"/>
    <property name="java.awt.printerjob" value="sun.print.PSPrinterJob"/>
    <property name="file.encoding" value="UTF-8"/>
    <property name="java.specification.version" value="1.7"/>
    <property name="user.name" value="mateo"/>
    <property name="java.class.path" value="/opt/eclipse/../../home/mateo/.eclipse/org.eclipse.platform_4.4.0_1473617060_linux_gtk_x86/plugins/org.eclipse.m2e.maven.runtime_1.5.0.20140605-2032/jars/plexus-classworlds-2.5.1.jar"/>
    <property name="org.slf4j.simpleLogger.defaultLogLevel" value="info"/>
    <property name="java.vm.specification.version" value="1.7"/>
    <property name="sun.arch.data.model" value="32"/>
    <property name="java.home" value="/usr/lib/jvm/java-7-openjdk-i386/jre"/>
    <property name="sun.java.command" value="org.codehaus.plexus.classworlds.launcher.Launcher -B test"/>
    <property name="java.specification.vendor" value="Oracle Corporation"/>
    <property name="user.language" value="es"/>
    <property name="awt.toolkit" value="sun.awt.X11.XToolkit"/>
    <property name="java.vm.info" value="mixed mode"/>
    <property name="java.version" value="1.7.0_65"/>
    <property name="java.ext.dirs" value="/usr/lib/jvm/java-7-openjdk-i386/jre/lib/ext:/usr/java/packages/lib/ext"/>
    <property name="securerandom.source" value="file:/dev/./urandom"/>
    <property name="sun.boot.class.path" value="/usr/lib/jvm/java-7-openjdk-i386/jre/lib/resources.jar:/usr/lib/jvm/java-7-openjdk-i386/jre/lib/rt.jar:/usr/lib/jvm/java-7-openjdk-i386/jre/lib/sunrsasign.jar:/usr/lib/jvm/java-7-openjdk-i386/jre/lib/jsse.jar:/usr/lib/jvm/java-7-openjdk-i386/jre/lib/jce.jar:/usr/lib/jvm/java-7-openjdk-i386/jre/lib/charsets.jar:/usr/lib/jvm/java-7-openjdk-i386/jre/lib/rhino.jar:/usr/lib/jvm/java-7-openjdk-i386/jre/lib/jfr.jar:/usr/lib/jvm/java-7-openjdk-i386/jre/classes"/>
    <property name="java.vendor" value="Oracle Corporation"/>
    <property name="maven.home" value="/home/mateo/workspace/tp/tp/tp1/EMBEDDED"/>
    <property name="file.separator" value="/"/>
    <property name="java.vendor.url.bug" value="http://bugreport.sun.com/bugreport/"/>
    <property name="sun.cpu.endian" value="little"/>
    <property name="sun.io.unicode.encoding" value="UnicodeLittle"/>
    <property name="sun.desktop" value="gnome"/>
    <property name="sun.cpu.isalist" value=""/>
  </properties>
  <testcase time="0.336" classname="com.g7.fantasma.personalidades.TestBuscadorTemperamentalCazador" name="fantasmaBuscadorTemperamentalNivelTresDejaDeVerAlPacManYSeAcercaALaUltimaPosicionPacMan"/>
  <testcase time="0.238" classname="com.g7.fantasma.personalidades.TestBuscadorTemperamentalCazador" name="fantasmaBuscadorTemperamentalNivelDosLlegaALaUltimaPosicionPacManYSeSigueMoviendo"/>
  <testcase time="0.014" classname="com.g7.fantasma.personalidades.TestBuscadorTemperamentalCazador" name="fantasmaBuscadorTemperamentalNivelUnoNoVePacManYSeMueve"/>
  <testcase time="0.268" classname="com.g7.fantasma.personalidades.TestBuscadorTemperamentalCazador" name="fantasmaBuscadorTemperamentalNivelTresVePacManYSeAcerca"/>
  <testcase time="0.164" classname="com.g7.fantasma.personalidades.TestBuscadorTemperamentalCazador" name="fantasmaBuscadorTemperamentalNivelTresNoVePacManYSeMueve"/>
  <testcase time="0.008" classname="com.g7.fantasma.personalidades.TestBuscadorTemperamentalCazador" name="fantasmaBuscadorTemperamentalNivelUnoVePacManYSeAcerca"/>
  <testcase time="0.083" classname="com.g7.fantasma.personalidades.TestBuscadorTemperamentalCazador" name="fantasmaBuscadorTemperamentalNivelDosNoVePacManYSeMueve"/>
  <testcase time="0.131" classname="com.g7.fantasma.personalidades.TestBuscadorTemperamentalCazador" name="fantasmaBuscadorTemperamentalNivelUnoLlegaALaUltimaPosicionPacManYSeSigueMoviendo"/>
  <testcase time="0.157" classname="com.g7.fantasma.personalidades.TestBuscadorTemperamentalCazador" name="fantasmaBuscadorTemperamentalNivelDosDejaDeVerAlPacManYSeAcercaALaUltimaPosicionPacMan"/>
  <testcase time="0.042" classname="com.g7.fantasma.personalidades.TestBuscadorTemperamentalCazador" name="fantasmaBuscadorTemperamentalNivelUnoDejaDeVerAlPacManYSeAcercaALaUltimaPosicionPacMan"/>
  <testcase time="0.142" classname="com.g7.fantasma.personalidades.TestBuscadorTemperamentalCazador" name="fantasmaBuscadorTemperamentalNivelDosVePacManYSeAcerca"/>
  <testcase time="0.317" classname="com.g7.fantasma.personalidades.TestBuscadorTemperamentalCazador" name="fantasmaBuscadorTemperamentalNivelTresLlegaALaUltimaPosicionPacManYSeSigueMoviendo"/>
</testsuite>